<?xml version="1.0" encoding="UTF-8"?>
<!-- Generated by org.testng.reporters.JUnitXMLReporter -->
<testsuite ignored="0" hostname="DESKTOP-B7QEMLE" failures="0" tests="7" name="Account Page Test" time="12.46" errors="0" timestamp="2023-12-30T07:28:36 IST">
  <testcase classname="com.qa.opencart.test.AccountPageTest" name="accPageHeadersCountTest" time="0.188"/>
  <testcase classname="com.qa.opencart.test.AccountPageTest" name="accPageHeadersTest" time="0.138"/>
  <testcase classname="com.qa.opencart.test.AccountPageTest" name="accPageTitleTest" time="0.009"/>
  <testcase classname="com.qa.opencart.test.AccountPageTest" name="accPageURLTest" time="0.005"/>
  <testcase classname="com.qa.opencart.test.AccountPageTest" name="isLogoutLinkExitTest" time="0.104"/>
  <testcase classname="com.qa.opencart.test.AccountPageTest" name="isSearchFieldTest" time="0.049"/>
  <testcase classname="com.qa.opencart.test.AccountPageTest" name="searchProdTest" time="1.577"/>
</testsuite> <!-- Account Page Test -->
