<?xml version="1.0" encoding="UTF-8"?>
<!-- Generated by org.testng.reporters.JUnitXMLReporter -->
<testsuite hostname="DESKTOP-B7QEMLE" ignored="0" name="Account Page Test" tests="7" failures="0" timestamp="2023-12-13T19:31:37 IST" time="34.349" errors="0">
  <testcase name="accPageHeadersCountTest" time="0.334" classname="com.qa.opencart.test.AccountPageTest"/>
  <testcase name="accPageHeadersTest" time="0.352" classname="com.qa.opencart.test.AccountPageTest"/>
  <testcase name="accPageTitleTest" time="0.012" classname="com.qa.opencart.test.AccountPageTest"/>
  <testcase name="accPageURLTest" time="0.014" classname="com.qa.opencart.test.AccountPageTest"/>
  <testcase name="isLogoutLinkExitTest" time="0.319" classname="com.qa.opencart.test.AccountPageTest"/>
  <testcase name="isSearchFieldTest" time="0.114" classname="com.qa.opencart.test.AccountPageTest"/>
  <testcase name="searchProdTest" time="3.894" classname="com.qa.opencart.test.AccountPageTest"/>
</testsuite> <!-- Account Page Test -->
