<?xml version="1.0" encoding="UTF-8"?>
<!-- Generated by org.testng.reporters.JUnitXMLReporter -->
<testsuite ignored="0" hostname="DESKTOP-B7QEMLE" failures="1" tests="5" name="Login Page Test" time="18.981" errors="0" timestamp="2023-12-31T09:18:12 IST">
  <testcase classname="com.qa.opencart.test.LoginPageTest" name="loginPageTitleTest" time="0.766">
    <failure type="java.lang.AssertionError" message="expected [Account Logina] but found [Account Login]">
      <![CDATA[java.lang.AssertionError: expected [Account Logina] but found [Account Login]
at com.qa.opencart.test.LoginPageTest.loginPageTitleTest(LoginPageTest.java:31)
at java.base/java.util.ArrayList.forEach(ArrayList.java:1541)
at java.base/java.util.concurrent.FutureTask.run(FutureTask.java:264)
at java.base/java.util.concurrent.ThreadPoolExecutor.runWorker(ThreadPoolExecutor.java:1128)
at java.base/java.util.concurrent.ThreadPoolExecutor$Worker.run(ThreadPoolExecutor.java:628)
at java.base/java.lang.Thread.run(Thread.java:834)
... Removed 24 stack frames]]>
    </failure>
  </testcase> <!-- loginPageTitleTest -->
  <testcase classname="com.qa.opencart.test.LoginPageTest" name="loginPageUrlTest" time="0.071"/>
  <testcase classname="com.qa.opencart.test.LoginPageTest" name="IsLogoAvaialbleTest" time="0.244"/>
  <testcase classname="com.qa.opencart.test.LoginPageTest" name="isForgotLinkAvailableTest" time="0.213"/>
  <testcase classname="com.qa.opencart.test.LoginPageTest" name="doLoginTest" time="1.841"/>
</testsuite> <!-- Login Page Test -->
