<?xml version="1.0" encoding="UTF-8"?>
<!-- Generated by org.testng.reporters.JUnitXMLReporter -->
<testsuite hostname="DESKTOP-B7QEMLE" ignored="0" name="Login Page Test" tests="5" failures="0" timestamp="2023-12-13T19:32:24 IST" time="17.859" errors="0">
  <testcase name="loginPageTitleTest" time="0.15" classname="com.qa.opencart.test.LoginPageTest"/>
  <testcase name="loginPageUrlTest" time="0.216" classname="com.qa.opencart.test.LoginPageTest"/>
  <testcase name="IsLogoAvaialbleTest" time="0.357" classname="com.qa.opencart.test.LoginPageTest"/>
  <testcase name="isForgotLinkAvailableTest" time="0.505" classname="com.qa.opencart.test.LoginPageTest"/>
  <testcase name="doLoginTest" time="5.04" classname="com.qa.opencart.test.LoginPageTest"/>
</testsuite> <!-- Login Page Test -->
