<?xml version="1.0" encoding="UTF-8"?>
<!-- Generated by org.testng.reporters.JUnitXMLReporter -->
<testsuite ignored="0" hostname="DESKTOP-B7QEMLE" failures="0" tests="5" name="Product Info Page Test" time="13.638" errors="0" timestamp="2023-12-30T07:28:37 IST">
  <testcase classname="com.qa.opencart.test.ProductInfoPageTest" name="prodInfoTest" time="2.908"/>
  <testcase classname="com.qa.opencart.test.ProductInfoPageTest" name="prodInfoTest" time="1.792"/>
  <testcase classname="com.qa.opencart.test.ProductInfoPageTest" name="prodInfoTest" time="1.336"/>
  <testcase classname="com.qa.opencart.test.ProductInfoPageTest" name="prodInfoTest" time="1.3"/>
  <testcase classname="com.qa.opencart.test.ProductInfoPageTest" name="prodInfoTest" time="1.139"/>
</testsuite> <!-- Product Info Page Test -->
