<?xml version="1.0" encoding="UTF-8"?>
<!-- Generated by org.testng.reporters.JUnitXMLReporter -->
<testsuite hostname="DESKTOP-B7QEMLE" ignored="0" name="Product Info Page Test" tests="5" failures="0" timestamp="2023-12-13T19:31:43 IST" time="40.467" errors="0">
  <testcase name="prodInfoTest" time="6.965" classname="com.qa.opencart.test.ProductInfoPageTest"/>
  <testcase name="prodInfoTest" time="4.573" classname="com.qa.opencart.test.ProductInfoPageTest"/>
  <testcase name="prodInfoTest" time="3.153" classname="com.qa.opencart.test.ProductInfoPageTest"/>
  <testcase name="prodInfoTest" time="3.478" classname="com.qa.opencart.test.ProductInfoPageTest"/>
  <testcase name="prodInfoTest" time="2.559" classname="com.qa.opencart.test.ProductInfoPageTest"/>
</testsuite> <!-- Product Info Page Test -->
