<?xml version="1.0" encoding="UTF-8"?>
<!-- Generated by org.testng.reporters.JUnitXMLReporter -->
<testsuite hostname="DESKTOP-B7QEMLE" ignored="0" name="Registration Page Test" tests="3" failures="0" timestamp="2023-12-13T19:31:44 IST" time="41.379" errors="0">
  <testcase name="fillRegistrationLink" time="10.616" classname="com.qa.opencart.test.RegistrationPageTest"/>
  <testcase name="fillRegistrationLink" time="5.215" classname="com.qa.opencart.test.RegistrationPageTest"/>
  <testcase name="fillRegistrationLink" time="5.411" classname="com.qa.opencart.test.RegistrationPageTest"/>
</testsuite> <!-- Registration Page Test -->
