<?xml version="1.0" encoding="UTF-8"?>
<!-- Generated by org.testng.reporters.JUnitXMLReporter -->
<testsuite ignored="0" hostname="DESKTOP-B7QEMLE" failures="0" tests="7" name="Account Page Test" time="10.103" errors="0" timestamp="2024-01-11T21:49:25 IST">
  <testcase classname="com.qa.opencart.test.AccountPageTest" name="accPageHeadersCountTest" time="0.457"/>
  <testcase classname="com.qa.opencart.test.AccountPageTest" name="accPageHeadersTest" time="0.298"/>
  <testcase classname="com.qa.opencart.test.AccountPageTest" name="accPageTitleTest" time="0.071"/>
  <testcase classname="com.qa.opencart.test.AccountPageTest" name="accPageURLTest" time="0.051"/>
  <testcase classname="com.qa.opencart.test.AccountPageTest" name="isLogoutLinkExitTest" time="0.112"/>
  <testcase classname="com.qa.opencart.test.AccountPageTest" name="isSearchFieldTest" time="0.081"/>
  <testcase classname="com.qa.opencart.test.AccountPageTest" name="searchProdTest" time="1.92"/>
</testsuite> <!-- Account Page Test -->
