<?xml version="1.0" encoding="UTF-8"?>
<!-- Generated by org.testng.reporters.JUnitXMLReporter -->
<testsuite ignored="0" hostname="DESKTOP-B7QEMLE" failures="0" tests="7" name="Account Page Test" time="10.891" errors="0" timestamp="2023-12-30T07:27:42 IST">
  <testcase classname="com.qa.opencart.test.AccountPageTest" name="accPageHeadersCountTest" time="0.089"/>
  <testcase classname="com.qa.opencart.test.AccountPageTest" name="accPageHeadersTest" time="0.058"/>
  <testcase classname="com.qa.opencart.test.AccountPageTest" name="accPageTitleTest" time="0.007"/>
  <testcase classname="com.qa.opencart.test.AccountPageTest" name="accPageURLTest" time="0.007"/>
  <testcase classname="com.qa.opencart.test.AccountPageTest" name="isLogoutLinkExitTest" time="0.059"/>
  <testcase classname="com.qa.opencart.test.AccountPageTest" name="isSearchFieldTest" time="0.025"/>
  <testcase classname="com.qa.opencart.test.AccountPageTest" name="searchProdTest" time="1.316"/>
</testsuite> <!-- Account Page Test -->
