<?xml version="1.0" encoding="UTF-8"?>
<!-- Generated by org.testng.reporters.JUnitXMLReporter -->
<testsuite ignored="0" hostname="DESKTOP-B7QEMLE" failures="0" tests="5" name="Login Page Test" time="7.223" errors="0" timestamp="2023-12-29T08:45:02 IST">
  <testcase classname="com.qa.opencart.test.LoginPageTest" name="loginPageTitleTest" time="0.025"/>
  <testcase classname="com.qa.opencart.test.LoginPageTest" name="loginPageUrlTest" time="0.016"/>
  <testcase classname="com.qa.opencart.test.LoginPageTest" name="IsLogoAvaialbleTest" time="0.052"/>
  <testcase classname="com.qa.opencart.test.LoginPageTest" name="isForgotLinkAvailableTest" time="0.046"/>
  <testcase classname="com.qa.opencart.test.LoginPageTest" name="doLoginTest" time="0.949"/>
</testsuite> <!-- Login Page Test -->
