<?xml version="1.0" encoding="UTF-8"?>
<!-- Generated by org.testng.reporters.JUnitXMLReporter -->
<testsuite ignored="0" hostname="DESKTOP-B7QEMLE" failures="0" tests="5" name="Product Info Page Test" time="12.658" errors="0" timestamp="2023-12-30T07:27:44 IST">
  <testcase classname="com.qa.opencart.test.ProductInfoPageTest" name="prodInfoTest" time="2.298"/>
  <testcase classname="com.qa.opencart.test.ProductInfoPageTest" name="prodInfoTest" time="1.348"/>
  <testcase classname="com.qa.opencart.test.ProductInfoPageTest" name="prodInfoTest" time="1.317"/>
  <testcase classname="com.qa.opencart.test.ProductInfoPageTest" name="prodInfoTest" time="1.204"/>
  <testcase classname="com.qa.opencart.test.ProductInfoPageTest" name="prodInfoTest" time="1.136"/>
</testsuite> <!-- Product Info Page Test -->
