<?xml version="1.0" encoding="UTF-8"?>
<!-- Generated by org.testng.reporters.JUnitXMLReporter -->
<testsuite ignored="0" hostname="DESKTOP-B7QEMLE" failures="0" tests="3" name="Registration Page Test" time="14.361" errors="0" timestamp="2023-12-28T06:09:02 IST">
  <testcase classname="com.qa.opencart.test.RegistrationPageTest" name="fillRegistrationLink" time="2.831"/>
  <testcase classname="com.qa.opencart.test.RegistrationPageTest" name="fillRegistrationLink" time="2.517"/>
  <testcase classname="com.qa.opencart.test.RegistrationPageTest" name="fillRegistrationLink" time="2.488"/>
</testsuite> <!-- Registration Page Test -->
