<?xml version="1.0" encoding="UTF-8"?>
<!-- Generated by org.testng.reporters.JUnitXMLReporter -->
<testsuite ignored="0" hostname="DESKTOP-B7QEMLE" failures="0" tests="3" name="Registration Page Test" time="20.405" errors="0" timestamp="2024-01-11T21:49:36 IST">
  <testcase classname="com.qa.opencart.test.RegistrationPageTest" name="fillRegistrationLink" time="3.951"/>
  <testcase classname="com.qa.opencart.test.RegistrationPageTest" name="fillRegistrationLink" time="2.882"/>
  <testcase classname="com.qa.opencart.test.RegistrationPageTest" name="fillRegistrationLink" time="2.951"/>
</testsuite> <!-- Registration Page Test -->
