<?xml version="1.0" encoding="UTF-8"?>
<!-- Generated by org.testng.reporters.JUnitXMLReporter -->
<testsuite ignored="0" hostname="DESKTOP-B7QEMLE" failures="0" tests="7" name="Default test" time="14.844" errors="0" timestamp="2024-01-11T21:39:07 IST">
  <testcase classname="com.qa.opencart.test.AccountPageTest" name="accPageHeadersCountTest" time="0.295"/>
  <testcase classname="com.qa.opencart.test.AccountPageTest" name="accPageHeadersTest" time="0.189"/>
  <testcase classname="com.qa.opencart.test.AccountPageTest" name="accPageTitleTest" time="0.032"/>
  <testcase classname="com.qa.opencart.test.AccountPageTest" name="accPageURLTest" time="0.047"/>
  <testcase classname="com.qa.opencart.test.AccountPageTest" name="isLogoutLinkExitTest" time="0.078"/>
  <testcase classname="com.qa.opencart.test.AccountPageTest" name="isSearchFieldTest" time="0.071"/>
  <testcase classname="com.qa.opencart.test.AccountPageTest" name="searchProdTest" time="2.637"/>
</testsuite> <!-- Default test -->
