<?xml version="1.0" encoding="UTF-8"?>
<testsuite xmlns:xsi="http://www.w3.org/2001/XMLSchema-instance" xsi:noNamespaceSchemaLocation="https://maven.apache.org/surefire/maven-surefire-plugin/xsd/surefire-test-report.xsd" name="TestSuite" time="23.846" tests="5" errors="0" skipped="0" failures="1">
  <properties>
[...]
</properties>
  <testcase name="loginPageTitleTest" classname="com.qa.opencart.test.LoginPageTest" time="0.85">
    <failure message="expected [Account Logina] but found [Account Login]" type="java.lang.AssertionError">java.lang.AssertionError: expected [Account Logina] but found [Account Login]
	at com.qa.opencart.test.LoginPageTest.loginPageTitleTest(LoginPageTest.java:31)
</failure>
    <system-out><![CDATA[...
... TestNG 7.4.0 by Cédric Beust (cedric@beust.com)
...

I am in onStart method Login Page Test
TestSuite is started.
env name:prod
prod propties is fetched
browser name::: edge
browserName: edge
I am in onTestStart method loginPageTitleTest start
loginPageTitleTest started.!
]]></system-out>
    <system-err><![CDATA[SLF4J: Failed to load class "org.slf4j.impl.StaticLoggerBinder".
SLF4J: Defaulting to no-operation (NOP) logger implementation
SLF4J: See http://www.slf4j.org/codes.html#StaticLoggerBinder for further details.
Dec 31, 2023 9:17:55 AM org.openqa.selenium.manager.SeleniumManager lambda$runCommand$1
INFO: Driver path: C:\Users\CEPL\.cache\selenium\msedgedriver\win64\120.0.2210.91\msedgedriver.exe
Dec 31, 2023 9:17:55 AM org.openqa.selenium.manager.SeleniumManager lambda$runCommand$1
INFO: Browser path: C:\Program Files (x86)\Microsoft\Edge\Application\msedge.exe
ERROR StatusLogger Log4j2 could not find a logging implementation. Please add log4j-core to the classpath. Using SimpleLogger to log to the console...
Dec 31, 2023 9:18:04 AM org.openqa.selenium.devtools.CdpVersionFinder findNearestMatch
WARNING: Unable to find an exact match for CDP version 120, so returning the closest version found: 116
]]></system-err>
  </testcase>
  <testcase name="loginPageUrlTest" classname="com.qa.opencart.test.LoginPageTest" time="0.072"/>
  <testcase name="IsLogoAvaialbleTest" classname="com.qa.opencart.test.LoginPageTest" time="0.236"/>
  <testcase name="isForgotLinkAvailableTest" classname="com.qa.opencart.test.LoginPageTest" time="0.214"/>
  <testcase name="doLoginTest" classname="com.qa.opencart.test.LoginPageTest" time="1.837"/>
</testsuite>