<?xml version="1.0" encoding="UTF-8"?>
<testsuite xmlns:xsi="http://www.w3.org/2001/XMLSchema-instance" xsi:noNamespaceSchemaLocation="https://maven.apache.org/surefire/maven-surefire-plugin/xsd/surefire-test-report.xsd" name="TestSuite" time="14.236" tests="17" errors="0" skipped="0" failures="0">
  <properties>
[...]
</properties>
  <testcase name="loginPageTitleTest" classname="com.qa.opencart.test.LoginPageTest" time="0.586"/>
  <testcase name="loginPageUrlTest" classname="com.qa.opencart.test.LoginPageTest" time="0.065"/>
  <testcase name="IsLogoAvaialbleTest" classname="com.qa.opencart.test.LoginPageTest" time="0.198"/>
  <testcase name="isForgotLinkAvailableTest" classname="com.qa.opencart.test.LoginPageTest" time="0.105"/>
  <testcase name="prodInfoTest" classname="com.qa.opencart.test.ProductInfoPageTest" time="1.939"/>
  <testcase name="prodInfoTest" classname="com.qa.opencart.test.ProductInfoPageTest" time="0.534"/>
  <testcase name="prodInfoTest" classname="com.qa.opencart.test.ProductInfoPageTest" time="1.337"/>
  <testcase name="prodInfoTest" classname="com.qa.opencart.test.ProductInfoPageTest" time="1.298"/>
  <testcase name="prodInfoTest" classname="com.qa.opencart.test.ProductInfoPageTest" time="1.138"/>
  <testcase name="doLoginTest" classname="com.qa.opencart.test.LoginPageTest" time="0.028"/>
  <testcase name="accPageHeadersCountTest" classname="com.qa.opencart.test.AccountPageTest" time="0.188"/>
  <testcase name="accPageHeadersTest" classname="com.qa.opencart.test.AccountPageTest" time="0.136"/>
  <testcase name="accPageTitleTest" classname="com.qa.opencart.test.AccountPageTest" time="0.009"/>
  <testcase name="accPageURLTest" classname="com.qa.opencart.test.AccountPageTest" time="0.006"/>
  <testcase name="isLogoutLinkExitTest" classname="com.qa.opencart.test.AccountPageTest" time="0.104"/>
  <testcase name="isSearchFieldTest" classname="com.qa.opencart.test.AccountPageTest" time="0.051"/>
  <testcase name="searchProdTest" classname="com.qa.opencart.test.AccountPageTest" time="1.039"/>
</testsuite>