<?xml version="1.0" encoding="UTF-8"?>
<testng-results ignored="0" total="17" passed="17" failed="0" skipped="0">
  <reporter-output>
  </reporter-output>
  <suite started-at="2023-12-30T07:28:24 IST" name="TEST-OPEN CART" finished-at="2023-12-30T07:28:37 IST" duration-ms="13638">
    <groups>
    </groups>
    <test started-at="2023-12-30T07:28:24 IST" name="Login Page Test" finished-at="2023-12-30T07:28:33 IST" duration-ms="8904">
      <class name="com.qa.opencart.test.LoginPageTest">
        <test-method is-config="true" signature="setUp(java.lang.String)[pri:0, instance:com.qa.opencart.test.LoginPageTest@5b7a8434]" started-at="2023-12-30T07:28:24 IST" name="setUp" finished-at="2023-12-30T07:28:28 IST" duration-ms="4304" status="PASS">
          <params>
            <param index="0">
              <value>
                <![CDATA[edge]]>
              </value>
            </param>
          </params>
          <reporter-output>
          </reporter-output>
        </test-method> <!-- setUp -->
        <test-method signature="loginPageTitleTest()[pri:1, instance:com.qa.opencart.test.LoginPageTest@5b7a8434]" started-at="2023-12-30T07:28:28 IST" name="loginPageTitleTest" finished-at="2023-12-30T07:28:29 IST" duration-ms="1304" status="PASS">
          <reporter-output>
          </reporter-output>
        </test-method> <!-- loginPageTitleTest -->
        <test-method signature="loginPageUrlTest()[pri:2, instance:com.qa.opencart.test.LoginPageTest@5b7a8434]" started-at="2023-12-30T07:28:29 IST" name="loginPageUrlTest" finished-at="2023-12-30T07:28:29 IST" duration-ms="68" status="PASS">
          <reporter-output>
          </reporter-output>
        </test-method> <!-- loginPageUrlTest -->
        <test-method signature="IsLogoAvaialbleTest()[pri:3, instance:com.qa.opencart.test.LoginPageTest@5b7a8434]" started-at="2023-12-30T07:28:29 IST" name="IsLogoAvaialbleTest" finished-at="2023-12-30T07:28:30 IST" duration-ms="203" status="PASS">
          <reporter-output>
          </reporter-output>
        </test-method> <!-- IsLogoAvaialbleTest -->
        <test-method signature="isForgotLinkAvailableTest()[pri:4, instance:com.qa.opencart.test.LoginPageTest@5b7a8434]" started-at="2023-12-30T07:28:30 IST" name="isForgotLinkAvailableTest" finished-at="2023-12-30T07:28:30 IST" duration-ms="105" status="PASS">
          <reporter-output>
          </reporter-output>
        </test-method> <!-- isForgotLinkAvailableTest -->
        <test-method signature="doLoginTest()[pri:5, instance:com.qa.opencart.test.LoginPageTest@5b7a8434]" started-at="2023-12-30T07:28:30 IST" name="doLoginTest" finished-at="2023-12-30T07:28:32 IST" duration-ms="1971" status="PASS">
          <reporter-output>
          </reporter-output>
        </test-method> <!-- doLoginTest -->
        <test-method is-config="true" signature="tearDown()[pri:0, instance:com.qa.opencart.test.LoginPageTest@5b7a8434]" started-at="2023-12-30T07:28:32 IST" name="tearDown" finished-at="2023-12-30T07:28:33 IST" duration-ms="914" status="PASS">
          <reporter-output>
          </reporter-output>
        </test-method> <!-- tearDown -->
      </class> <!-- com.qa.opencart.test.LoginPageTest -->
    </test> <!-- Login Page Test -->
    <test started-at="2023-12-30T07:28:24 IST" name="Account Page Test" finished-at="2023-12-30T07:28:36 IST" duration-ms="12460">
      <class name="com.qa.opencart.test.AccountPageTest">
        <test-method is-config="true" signature="setUp(java.lang.String)[pri:0, instance:com.qa.opencart.test.AccountPageTest@455b6df1]" started-at="2023-12-30T07:28:24 IST" name="setUp" finished-at="2023-12-30T07:28:31 IST" duration-ms="7511" status="PASS">
          <params>
            <param index="0">
              <value>
                <![CDATA[firefox]]>
              </value>
            </param>
          </params>
          <reporter-output>
          </reporter-output>
        </test-method> <!-- setUp -->
        <test-method is-config="true" signature="accSetUp()[pri:0, instance:com.qa.opencart.test.AccountPageTest@455b6df1]" started-at="2023-12-30T07:28:31 IST" name="accSetUp" finished-at="2023-12-30T07:28:32 IST" duration-ms="1189" status="PASS">
          <reporter-output>
          </reporter-output>
        </test-method> <!-- accSetUp -->
        <test-method signature="accPageHeadersCountTest()[pri:0, instance:com.qa.opencart.test.AccountPageTest@455b6df1]" started-at="2023-12-30T07:28:32 IST" name="accPageHeadersCountTest" finished-at="2023-12-30T07:28:33 IST" duration-ms="188" status="PASS">
          <reporter-output>
          </reporter-output>
        </test-method> <!-- accPageHeadersCountTest -->
        <test-method signature="accPageHeadersTest()[pri:0, instance:com.qa.opencart.test.AccountPageTest@455b6df1]" started-at="2023-12-30T07:28:33 IST" name="accPageHeadersTest" finished-at="2023-12-30T07:28:33 IST" duration-ms="138" status="PASS">
          <reporter-output>
          </reporter-output>
        </test-method> <!-- accPageHeadersTest -->
        <test-method signature="accPageTitleTest()[pri:0, instance:com.qa.opencart.test.AccountPageTest@455b6df1]" started-at="2023-12-30T07:28:33 IST" name="accPageTitleTest" finished-at="2023-12-30T07:28:33 IST" duration-ms="9" status="PASS">
          <reporter-output>
          </reporter-output>
        </test-method> <!-- accPageTitleTest -->
        <test-method signature="accPageURLTest()[pri:0, instance:com.qa.opencart.test.AccountPageTest@455b6df1]" started-at="2023-12-30T07:28:33 IST" name="accPageURLTest" finished-at="2023-12-30T07:28:33 IST" duration-ms="5" status="PASS">
          <reporter-output>
          </reporter-output>
        </test-method> <!-- accPageURLTest -->
        <test-method signature="isLogoutLinkExitTest()[pri:0, instance:com.qa.opencart.test.AccountPageTest@455b6df1]" started-at="2023-12-30T07:28:33 IST" name="isLogoutLinkExitTest" finished-at="2023-12-30T07:28:33 IST" duration-ms="104" status="PASS">
          <reporter-output>
          </reporter-output>
        </test-method> <!-- isLogoutLinkExitTest -->
        <test-method signature="isSearchFieldTest()[pri:0, instance:com.qa.opencart.test.AccountPageTest@455b6df1]" started-at="2023-12-30T07:28:33 IST" name="isSearchFieldTest" finished-at="2023-12-30T07:28:33 IST" duration-ms="49" status="PASS">
          <reporter-output>
          </reporter-output>
        </test-method> <!-- isSearchFieldTest -->
        <test-method signature="searchProdTest()[pri:0, instance:com.qa.opencart.test.AccountPageTest@455b6df1]" started-at="2023-12-30T07:28:33 IST" name="searchProdTest" finished-at="2023-12-30T07:28:34 IST" duration-ms="1577" status="PASS">
          <reporter-output>
          </reporter-output>
        </test-method> <!-- searchProdTest -->
        <test-method is-config="true" signature="tearDown()[pri:0, instance:com.qa.opencart.test.AccountPageTest@455b6df1]" started-at="2023-12-30T07:28:34 IST" name="tearDown" finished-at="2023-12-30T07:28:36 IST" duration-ms="1674" status="PASS">
          <reporter-output>
          </reporter-output>
        </test-method> <!-- tearDown -->
      </class> <!-- com.qa.opencart.test.AccountPageTest -->
    </test> <!-- Account Page Test -->
    <test started-at="2023-12-30T07:28:24 IST" name="Product Info Page Test" finished-at="2023-12-30T07:28:37 IST" duration-ms="13638">
      <class name="com.qa.opencart.test.ProductInfoPageTest">
        <test-method is-config="true" signature="setUp(java.lang.String)[pri:0, instance:com.qa.opencart.test.ProductInfoPageTest@4b213651]" started-at="2023-12-30T07:28:24 IST" name="setUp" finished-at="2023-12-30T07:28:28 IST" duration-ms="3996" status="PASS">
          <params>
            <param index="0">
              <value>
                <![CDATA[chrome]]>
              </value>
            </param>
          </params>
          <reporter-output>
          </reporter-output>
        </test-method> <!-- setUp -->
        <test-method is-config="true" signature="prodInfoPageSetup()[pri:0, instance:com.qa.opencart.test.ProductInfoPageTest@4b213651]" started-at="2023-12-30T07:28:28 IST" name="prodInfoPageSetup" finished-at="2023-12-30T07:28:29 IST" duration-ms="1020" status="PASS">
          <reporter-output>
          </reporter-output>
        </test-method> <!-- prodInfoPageSetup -->
        <test-method signature="prodInfoTest(java.lang.String,java.lang.String)[pri:0, instance:com.qa.opencart.test.ProductInfoPageTest@4b213651]" started-at="2023-12-30T07:28:29 IST" name="prodInfoTest" data-provider="testData" finished-at="2023-12-30T07:28:32 IST" duration-ms="2908" status="PASS">
          <params>
            <param index="0">
              <value>
                <![CDATA[Mac]]>
              </value>
            </param>
            <param index="1">
              <value>
                <![CDATA[MacBook Pro]]>
              </value>
            </param>
          </params>
          <reporter-output>
          </reporter-output>
        </test-method> <!-- prodInfoTest -->
        <test-method signature="prodInfoTest(java.lang.String,java.lang.String)[pri:0, instance:com.qa.opencart.test.ProductInfoPageTest@4b213651]" started-at="2023-12-30T07:28:32 IST" name="prodInfoTest" data-provider="testData" finished-at="2023-12-30T07:28:33 IST" duration-ms="1792" status="PASS">
          <params>
            <param index="0">
              <value>
                <![CDATA[Mac]]>
              </value>
            </param>
            <param index="1">
              <value>
                <![CDATA[MacBook]]>
              </value>
            </param>
          </params>
          <reporter-output>
          </reporter-output>
        </test-method> <!-- prodInfoTest -->
        <test-method signature="prodInfoTest(java.lang.String,java.lang.String)[pri:0, instance:com.qa.opencart.test.ProductInfoPageTest@4b213651]" started-at="2023-12-30T07:28:33 IST" name="prodInfoTest" data-provider="testData" finished-at="2023-12-30T07:28:35 IST" duration-ms="1336" status="PASS">
          <params>
            <param index="0">
              <value>
                <![CDATA[samsung]]>
              </value>
            </param>
            <param index="1">
              <value>
                <![CDATA[Samsung Galaxy Tab 10.1]]>
              </value>
            </param>
          </params>
          <reporter-output>
          </reporter-output>
        </test-method> <!-- prodInfoTest -->
        <test-method signature="prodInfoTest(java.lang.String,java.lang.String)[pri:0, instance:com.qa.opencart.test.ProductInfoPageTest@4b213651]" started-at="2023-12-30T07:28:35 IST" name="prodInfoTest" data-provider="testData" finished-at="2023-12-30T07:28:36 IST" duration-ms="1300" status="PASS">
          <params>
            <param index="0">
              <value>
                <![CDATA[iPod]]>
              </value>
            </param>
            <param index="1">
              <value>
                <![CDATA[iPod Classic]]>
              </value>
            </param>
          </params>
          <reporter-output>
          </reporter-output>
        </test-method> <!-- prodInfoTest -->
        <test-method signature="prodInfoTest(java.lang.String,java.lang.String)[pri:0, instance:com.qa.opencart.test.ProductInfoPageTest@4b213651]" started-at="2023-12-30T07:28:36 IST" name="prodInfoTest" data-provider="testData" finished-at="2023-12-30T07:28:37 IST" duration-ms="1139" status="PASS">
          <params>
            <param index="0">
              <value>
                <![CDATA[Canon]]>
              </value>
            </param>
            <param index="1">
              <value>
                <![CDATA[Canon EOS 5D]]>
              </value>
            </param>
          </params>
          <reporter-output>
          </reporter-output>
        </test-method> <!-- prodInfoTest -->
        <test-method is-config="true" signature="tearDown()[pri:0, instance:com.qa.opencart.test.ProductInfoPageTest@4b213651]" started-at="2023-12-30T07:28:37 IST" name="tearDown" finished-at="2023-12-30T07:28:37 IST" duration-ms="116" status="PASS">
          <reporter-output>
          </reporter-output>
        </test-method> <!-- tearDown -->
      </class> <!-- com.qa.opencart.test.ProductInfoPageTest -->
    </test> <!-- Product Info Page Test -->
  </suite> <!-- TEST-OPEN CART -->
</testng-results>
