<?xml version="1.0" encoding="UTF-8"?>
<testng-results ignored="0" total="5" passed="5" failed="0" skipped="0">
  <reporter-output>
  </reporter-output>
  <suite started-at="2023-12-30T07:28:01 IST" name="Default suite" finished-at="2023-12-30T07:28:06 IST" duration-ms="4884">
    <groups>
    </groups>
    <test started-at="2023-12-30T07:28:01 IST" name="Default test" finished-at="2023-12-30T07:28:06 IST" duration-ms="4884">
      <class name="com.qa.opencart.test.LoginPageTest">
        <test-method is-config="true" signature="setUp(java.lang.String)[pri:0, instance:com.qa.opencart.test.LoginPageTest@59505b48]" started-at="2023-12-30T07:28:01 IST" name="setUp" finished-at="2023-12-30T07:28:05 IST" duration-ms="3815" status="PASS">
          <params>
            <param index="0">
              <value>
                <![CDATA[chrome]]>
              </value>
            </param>
          </params>
          <reporter-output>
          </reporter-output>
        </test-method> <!-- setUp -->
        <test-method signature="loginPageTitleTest()[pri:1, instance:com.qa.opencart.test.LoginPageTest@59505b48]" started-at="2023-12-30T07:28:05 IST" name="loginPageTitleTest" finished-at="2023-12-30T07:28:05 IST" duration-ms="14" status="PASS">
          <reporter-output>
          </reporter-output>
        </test-method> <!-- loginPageTitleTest -->
        <test-method signature="loginPageUrlTest()[pri:2, instance:com.qa.opencart.test.LoginPageTest@59505b48]" started-at="2023-12-30T07:28:05 IST" name="loginPageUrlTest" finished-at="2023-12-30T07:28:05 IST" duration-ms="13" status="PASS">
          <reporter-output>
          </reporter-output>
        </test-method> <!-- loginPageUrlTest -->
        <test-method signature="IsLogoAvaialbleTest()[pri:3, instance:com.qa.opencart.test.LoginPageTest@59505b48]" started-at="2023-12-30T07:28:05 IST" name="IsLogoAvaialbleTest" finished-at="2023-12-30T07:28:05 IST" duration-ms="41" status="PASS">
          <reporter-output>
          </reporter-output>
        </test-method> <!-- IsLogoAvaialbleTest -->
        <test-method signature="isForgotLinkAvailableTest()[pri:4, instance:com.qa.opencart.test.LoginPageTest@59505b48]" started-at="2023-12-30T07:28:05 IST" name="isForgotLinkAvailableTest" finished-at="2023-12-30T07:28:05 IST" duration-ms="32" status="PASS">
          <reporter-output>
          </reporter-output>
        </test-method> <!-- isForgotLinkAvailableTest -->
        <test-method signature="doLoginTest()[pri:5, instance:com.qa.opencart.test.LoginPageTest@59505b48]" started-at="2023-12-30T07:28:05 IST" name="doLoginTest" finished-at="2023-12-30T07:28:06 IST" duration-ms="822" status="PASS">
          <reporter-output>
          </reporter-output>
        </test-method> <!-- doLoginTest -->
        <test-method is-config="true" signature="tearDown()[pri:0, instance:com.qa.opencart.test.LoginPageTest@59505b48]" started-at="2023-12-30T07:28:06 IST" name="tearDown" finished-at="2023-12-30T07:28:06 IST" duration-ms="129" status="PASS">
          <reporter-output>
          </reporter-output>
        </test-method> <!-- tearDown -->
      </class> <!-- com.qa.opencart.test.LoginPageTest -->
    </test> <!-- Default test -->
  </suite> <!-- Default suite -->
</testng-results>
